#
# A fatal error has been detected by the Java Runtime Environment:
#
#  EXCEPTION_ACCESS_VIOLATION (0xc0000005) at pc=0x00000000, pid=14896, tid=0x00006484
#
# JRE version: Java(TM) SE Runtime Environment (8.0_333-b02) (build 1.8.0_333-b02)
# Java VM: Java HotSpot(TM) Client VM (25.333-b02 mixed mode windows-x86 )
# Problematic frame:
# C  0x00000000
#
# Failed to write core dump. Minidumps are not enabled by default on client versions of Windows
#
# If you would like to submit a bug report, please visit:
#   http://bugreport.java.com/bugreport/crash.jsp
#

---------------  T H R E A D  ---------------

Current thread (0x04759800):  VMThread [stack: 0x45010000,0x45060000] [id=25732]

siginfo: ExceptionCode=0xc0000005, ExceptionInformation=0x00000008 0x00000000

Registers:
EAX=0x00ff1e00, EBX=0x071d0019, ECX=0x62425da8, EDX=0x006cea20
ESP=0x4505f0c8, EBP=0x4505f0e0, ESI=0x2a024a40, EDI=0x0f3aed68
EIP=0x00000000, EFLAGS=0x00010202

Top of Stack: (sp=0x4505f0c8)
0x4505f0c8:   7bae9a22 0f3aed68 4505f254 2a024a40
0x4505f0d8:   2a024a54 006cea20 4505f104 7bb122e2
0x4505f0e8:   0f3aed68 2a3129b8 2a024a38 4505f254
0x4505f0f8:   64f962a8 64f963f8 64f963f0 4505f124
0x4505f108:   7bafadbd 2a024a38 4505f254 006cb448
0x4505f118:   4505f254 006ca880 006cb510 4505f138
0x4505f128:   7baefa20 2a3129b8 006ca8d4 00000001
0x4505f138:   4505f150 7baee533 4505f254 006c55c8 

Instructions: (pc=0x00000000)
0xffffffe0:   


Register to memory mapping:

EAX=0x00ff1e00 is an unknown value
EBX=0x071d0019 is pointing into object: 0x071d0018
scala.collection.immutable.$colon$colon 
 - klass: 'scala/collection/immutable/$colon$colon'
ECX=0x62425da8 is pointing into metadata
EDX=0x006cea20 is an unknown value
ESP=0x4505f0c8 is an unknown value
EBP=0x4505f0e0 is an unknown value
ESI=0x2a024a40 is pointing into object: 0x2a024a38
scala.reflect.internal.Scopes$ScopeEntry 
 - klass: 'scala/reflect/internal/Scopes$ScopeEntry'
EDI=
[error occurred during error reporting (printing register info), id 0xc0000005]

Stack: [0x45010000,0x45060000],  sp=0x4505f0c8,  free space=316k
VM_Operation (0x7560dbd0): GenCollectForAllocation, mode: safepoint, requested by thread 0x495a1800


---------------  P R O C E S S  ---------------

Java Threads: ( => current thread )
  0x469d0c00 JavaThread "Scala Presentation Compiler [Metals]" daemon [_thread_blocked, id=6024, stack(0x5b9a0000,0x5bda0000)]
  0x469d0400 JavaThread "pool-1-thread-1800" [_thread_blocked, id=30096, stack(0x59dd0000,0x5a1d0000)]
  0x469cfc00 JavaThread "pool-1-thread-1799" [_thread_blocked, id=21840, stack(0x575c0000,0x579c0000)]
  0x469ca400 JavaThread "pool-1-thread-1798" [_thread_blocked, id=15096, stack(0x53830000,0x53c30000)]
  0x469cc400 JavaThread "pool-1-thread-1797" [_thread_blocked, id=21472, stack(0x50b30000,0x50f30000)]
  0x469cf800 JavaThread "pool-1-thread-1796" [_thread_blocked, id=17528, stack(0x4e680000,0x4ea80000)]
  0x469cd800 JavaThread "pool-1-thread-1795" [_thread_blocked, id=29592, stack(0x4de80000,0x4e280000)]
  0x495a1800 JavaThread "pool-22-thread-1" [_thread_blocked, id=13920, stack(0x75210000,0x75610000)]
  0x4959f800 JavaThread "Scala Presentation Compiler [Metals]" daemon [_thread_blocked, id=18400, stack(0x75ec0000,0x762c0000)]
  0x47426c00 JavaThread "pool-21-thread-1" [_thread_blocked, id=21144, stack(0x74e10000,0x75210000)]
  0x548d6c00 JavaThread "metals-watch-callback-thread" [_thread_blocked, id=28376, stack(0x58bc0000,0x58fc0000)]
  0x548d5c00 JavaThread "com.swoval.files.SymlinkWather.callback-executor-1" [_thread_blocked, id=13096, stack(0x571c0000,0x575c0000)]
  0x548d5800 JavaThread "NioPathWatcher-loop-thread-18" daemon [_thread_blocked, id=14068, stack(0x56dc0000,0x571c0000)]
  0x548d1400 JavaThread "Thread-14497" daemon [_thread_in_native, id=7676, stack(0x55fc0000,0x563c0000)]
  0x548d4c00 JavaThread "NioPathWatcher-loop-thread-17" daemon [_thread_blocked, id=19404, stack(0x53030000,0x53430000)]
  0x548d2800 JavaThread "Thread-14496" daemon [_thread_in_native, id=31116, stack(0x4e280000,0x4e680000)]
  0x548d4400 JavaThread "bsp-server-to-client" daemon [_thread_in_native, id=20492, stack(0x59450000,0x59850000)]
  0x548d3c00 JavaThread "bsp-client-to-server" daemon [_thread_in_native, id=27652, stack(0x59050000,0x59450000)]
  0x548d5000 JavaThread "bsp-server-to-client" daemon [_thread_in_native, id=27928, stack(0x587c0000,0x58bc0000)]
  0x548d0400 JavaThread "bsp-client-to-server" daemon [_thread_in_native, id=13320, stack(0x583c0000,0x587c0000)]
  0x548d3000 JavaThread "Thread-14490" daemon [_thread_blocked, id=16164, stack(0x57fc0000,0x583c0000)]
  0x548d1c00 JavaThread "Thread-14491" daemon [_thread_blocked, id=28220, stack(0x57bc0000,0x57fc0000)]
  0x548d6400 JavaThread "Thread-14489" [_thread_in_native, id=29860, stack(0x569c0000,0x56dc0000)]
  0x548d7000 JavaThread "Thread-14487" daemon [_thread_blocked, id=9468, stack(0x55bc0000,0x55fc0000)]
  0x548d3800 JavaThread "Thread-14488" daemon [_thread_blocked, id=18592, stack(0x557c0000,0x55bc0000)]
  0x495a3800 JavaThread "Thread-14486" [_thread_in_native, id=27572, stack(0x543f0000,0x547f0000)]
  0x495a4000 JavaThread "bsp-server-to-client" daemon [_thread_in_native, id=5436, stack(0x53ff0000,0x543f0000)]
  0x4959f000 JavaThread "bsp-client-to-server" daemon [_thread_in_native, id=21852, stack(0x53430000,0x53830000)]
  0x495a3000 JavaThread "Thread-14482" daemon [_thread_blocked, id=17072, stack(0x51730000,0x51b30000)]
  0x495a4400 JavaThread "Thread-14483" daemon [_thread_blocked, id=11740, stack(0x50730000,0x50b30000)]
  0x495a2c00 JavaThread "Thread-14481" [_thread_in_native, id=18240, stack(0x4fa30000,0x4fe30000)]
  0x4959fc00 JavaThread "pool-1-thread-1712" [_thread_in_native, id=11784, stack(0x64a00000,0x64e00000)]
  0x54cb8c00 JavaThread "pool-1-thread-1706" [_thread_blocked, id=19900, stack(0x5b1a0000,0x5b5a0000)]
  0x54cb9c00 JavaThread "pool-1-thread-1703" [_thread_in_native, id=30944, stack(0x599d0000,0x59dd0000)]
  0x495a1000 JavaThread "pool-1-thread-1242" [_thread_in_native, id=26528, stack(0x4fe30000,0x50230000)]
  0x495a0400 JavaThread "pool-1-thread-1241" [_thread_blocked, id=30960, stack(0x4da80000,0x4de80000)]
  0x495a0c00 JavaThread "bloop-server-background" daemon [_thread_in_native, id=20516, stack(0x565c0000,0x569c0000)]
  0x548d2400 JavaThread "pool-1-thread-1079" [_thread_blocked, id=25852, stack(0x50330000,0x50730000)]
  0x4956d400 JavaThread "H2-save" daemon [_thread_blocked, id=6216, stack(0x4d280000,0x4d680000)]
  0x48ffb400 JavaThread "H2-serialization" daemon [_thread_blocked, id=5900, stack(0x4ce80000,0x4d280000)]
  0x48b55400 JavaThread "pool-2-thread-1" [_thread_blocked, id=24520, stack(0x4bab0000,0x4beb0000)]
  0x48a18c00 JavaThread "MVStore background writer C:/BDC - SPARK-SCALA/.metals/metals.mv.db" daemon [_thread_blocked, id=21140, stack(0x4aeb0000,0x4b2b0000)]
  0x48a11800 JavaThread "H2 TCP Server (tcp://localhost:54756)" daemon [_thread_in_native, id=12236, stack(0x4aab0000,0x4aeb0000)]
  0x476b7c00 JavaThread "H2 File Lock Watchdog C:/BDC - SPARK-SCALA/.metals/metals.lock.db" daemon [_thread_blocked, id=4604, stack(0x49b80000,0x49f80000)]
  0x46b6cc00 JavaThread "pool-1-thread-1" [_thread_in_native, id=22280, stack(0x47f30000,0x48330000)]
  0x0478c000 JavaThread "Service Thread" daemon [_thread_blocked, id=14268, stack(0x46360000,0x46760000)]
  0x04784000 JavaThread "C1 CompilerThread0" daemon [_thread_blocked, id=21620, stack(0x462d0000,0x46320000)]
  0x04792400 JavaThread "Attach Listener" daemon [_thread_blocked, id=22696, stack(0x45e90000,0x46290000)]
  0x04780400 JavaThread "Signal Dispatcher" daemon [_thread_blocked, id=27012, stack(0x45a50000,0x45e50000)]
  0x04775400 JavaThread "Finalizer" daemon [_thread_blocked, id=9080, stack(0x454e0000,0x458e0000)]
  0x0475fc00 JavaThread "Reference Handler" daemon [_thread_blocked, id=8384, stack(0x450a0000,0x454a0000)]
  0x006c6800 JavaThread "main" [_thread_blocked, id=27132, stack(0x02300000,0x02700000)]

Other Threads:
=>0x04759800 VMThread [stack: 0x45010000,0x45060000] [id=25732]
  0x047b4000 WatcherThread [stack: 0x467a0000,0x467f0000] [id=23808]

VM state:at safepoint (normal execution)

VM Mutex/Monitor currently owned by a thread:  ([mutex/lock_event])
[0x006c31a8] Threads_lock - owner thread: 0x04759800
[0x006c27e8] Heap_lock - owner thread: 0x495a1800

Heap:
 def new generation   total 184576K, used 184575K [0x04800000, 0x11040000, 0x19d50000)
  eden space 164096K, 100% used [0x04800000, 0x0e840000, 0x0e840000)
  from space 20480K,  99% used [0x0e840000, 0x0fc3fff8, 0x0fc40000)
  to   space 20480K,  86% used [0x0fc40000, 0x10d84898, 0x11040000)
 tenured generation   total 409868K, used 268291K [0x19d50000, 0x32d93000, 0x44800000)
   the space 409868K,  65% used [0x19d50000, 0x2a350f20, 0x2a351000, 0x32d93000)
 Metaspace       used 141456K, capacity 149581K, committed 149632K, reserved 149888K

Card table byte_map: [0x44800000,0x44a10000] byte_map_base: 0x447dc000

Polling page: 0x00a60000

CodeCache: size=32768Kb used=7518Kb max_used=14578Kb free=25249Kb
 bounds [0x02700000, 0x03560000, 0x04700000]
 total_blobs=4630 nmethods=4320 adapters=233
 compilation: enabled

Compilation events (10 events):
Event: 169535.353 Thread 0x04784000 239197             scala.meta.internal.parsers.ScannerTokens$Classifiers$StatSeqEnd$$anon$17::apply (9 bytes)
Event: 169535.353 Thread 0x04784000 nmethod 239197 0x02cfa988 code [0x02cfaaa0, 0x02cfabc8]
Event: 169535.353 Thread 0x04784000 239198             scala.meta.internal.parsers.ScannerTokens$Classifiers$StatSeqEnd$$anon$17::apply (15 bytes)
Event: 169535.353 Thread 0x04784000 nmethod 239198 0x02cfa688 code [0x02cfa7a0, 0x02cfa878]
Event: 169535.353 Thread 0x04784000 239199             scala.meta.Term$Param$$$Lambda$918/13824904::apply (12 bytes)
Event: 169535.354 Thread 0x04784000 nmethod 239199 0x02cfa308 code [0x02cfa430, 0x02cfa598]
Event: 169535.355 Thread 0x04784000 239200             scala.meta.Term$Assign$TermAssignImpl::privatePrototype (5 bytes)
Event: 169535.355 Thread 0x04784000 nmethod 239200 0x02cfa148 code [0x02cfa240, 0x02cfa2c0]
Event: 169535.355 Thread 0x04784000 239201             scala.meta.Term$Assign$TermAssignImpl::_rhs (5 bytes)
Event: 169535.355 Thread 0x04784000 nmethod 239201 0x02cf9f88 code [0x02cfa080, 0x02cfa100]

GC Heap History (10 events):
Event: 167799.431 GC heap after
Heap after GC invocations=671 (full 16):
 def new generation   total 184576K, used 20480K [0x04800000, 0x11040000, 0x19d50000)
  eden space 164096K,   0% used [0x04800000, 0x04800000, 0x0e840000)
  from space 20480K, 100% used [0x0e840000, 0x0fc40000, 0x0fc40000)
  to   space 20480K,   0% used [0x0fc40000, 0x0fc40000, 0x11040000)
 tenured generation   total 409868K, used 375354K [0x19d50000, 0x32d93000, 0x44800000)
   the space 409868K,  91% used [0x19d50000, 0x30bde950, 0x30bdea00, 0x32d93000)
 Metaspace       used 141455K, capacity 149586K, committed 149632K, reserved 149888K
}
Event: 168464.370 GC heap before
{Heap before GC invocations=671 (full 16):
 def new generation   total 184576K, used 184576K [0x04800000, 0x11040000, 0x19d50000)
  eden space 164096K, 100% used [0x04800000, 0x0e840000, 0x0e840000)
  from space 20480K, 100% used [0x0e840000, 0x0fc40000, 0x0fc40000)
  to   space 20480K,   0% used [0x0fc40000, 0x0fc40000, 0x11040000)
 tenured generation   total 409868K, used 375354K [0x19d50000, 0x32d93000, 0x44800000)
   the space 409868K,  91% used [0x19d50000, 0x30bde950, 0x30bdea00, 0x32d93000)
 Metaspace       used 141455K, capacity 149586K, committed 149632K, reserved 149888K
Event: 168464.479 GC heap after
Heap after GC invocations=672 (full 16):
 def new generation   total 184576K, used 13182K [0x04800000, 0x11040000, 0x19d50000)
  eden space 164096K,   0% used [0x04800000, 0x04800000, 0x0e840000)
  from space 20480K,  64% used [0x0fc40000, 0x1091f9b8, 0x11040000)
  to   space 20480K,   0% used [0x0e840000, 0x0e840000, 0x0fc40000)
 tenured generation   total 409868K, used 383706K [0x19d50000, 0x32d93000, 0x44800000)
   the space 409868K,  93% used [0x19d50000, 0x31406b40, 0x31406c00, 0x32d93000)
 Metaspace       used 141455K, capacity 149586K, committed 149632K, reserved 149888K
}
Event: 168506.892 GC heap before
{Heap before GC invocations=672 (full 16):
 def new generation   total 184576K, used 177278K [0x04800000, 0x11040000, 0x19d50000)
  eden space 164096K, 100% used [0x04800000, 0x0e840000, 0x0e840000)
  from space 20480K,  64% used [0x0fc40000, 0x1091f9b8, 0x11040000)
  to   space 20480K,   0% used [0x0e840000, 0x0e840000, 0x0fc40000)
 tenured generation   total 409868K, used 383706K [0x19d50000, 0x32d93000, 0x44800000)
   the space 409868K,  93% used [0x19d50000, 0x31406b40, 0x31406c00, 0x32d93000)
 Metaspace       used 141457K, capacity 149588K, committed 149632K, reserved 149888K
Event: 168507.042 GC heap after
Heap after GC invocations=673 (full 16):
 def new generation   total 184576K, used 20480K [0x04800000, 0x11040000, 0x19d50000)
  eden space 164096K,   0% used [0x04800000, 0x04800000, 0x0e840000)
  from space 20480K, 100% used [0x0e840000, 0x0fc40000, 0x0fc40000)
  to   space 20480K,   0% used [0x0fc40000, 0x0fc40000, 0x11040000)
 tenured generation   total 409868K, used 397483K [0x19d50000, 0x32d93000, 0x44800000)
   the space 409868K,  96% used [0x19d50000, 0x3217ae88, 0x3217b000, 0x32d93000)
 Metaspace       used 141457K, capacity 149588K, committed 149632K, reserved 149888K
}
Event: 169087.322 GC heap before
{Heap before GC invocations=673 (full 16):
 def new generation   total 184576K, used 184576K [0x04800000, 0x11040000, 0x19d50000)
  eden space 164096K, 100% used [0x04800000, 0x0e840000, 0x0e840000)
  from space 20480K, 100% used [0x0e840000, 0x0fc40000, 0x0fc40000)
  to   space 20480K,   0% used [0x0fc40000, 0x0fc40000, 0x11040000)
 tenured generation   total 409868K, used 397483K [0x19d50000, 0x32d93000, 0x44800000)
   the space 409868K,  96% used [0x19d50000, 0x3217ae88, 0x3217b000, 0x32d93000)
 Metaspace       used 141457K, capacity 149588K, committed 149632K, reserved 149888K
Event: 169089.466 GC heap after
Heap after GC invocations=674 (full 17):
 def new generation   total 184576K, used 0K [0x04800000, 0x11040000, 0x19d50000)
  eden space 164096K,   0% used [0x04800000, 0x04800000, 0x0e840000)
  from space 20480K,   0% used [0x0fc40000, 0x0fc40000, 0x11040000)
  to   space 20480K,   0% used [0x0e840000, 0x0e840000, 0x0fc40000)
 tenured generation   total 409868K, used 243362K [0x19d50000, 0x32d93000, 0x44800000)
   the space 409868K,  59% used [0x19d50000, 0x28af89e8, 0x28af8a00, 0x32d93000)
 Metaspace       used 141444K, capacity 149563K, committed 149632K, reserved 149888K
}
Event: 169281.495 GC heap before
{Heap before GC invocations=674 (full 17):
 def new generation   total 184576K, used 164096K [0x04800000, 0x11040000, 0x19d50000)
  eden space 164096K, 100% used [0x04800000, 0x0e840000, 0x0e840000)
  from space 20480K,   0% used [0x0fc40000, 0x0fc40000, 0x11040000)
  to   space 20480K,   0% used [0x0e840000, 0x0e840000, 0x0fc40000)
 tenured generation   total 409868K, used 243362K [0x19d50000, 0x32d93000, 0x44800000)
   the space 409868K,  59% used [0x19d50000, 0x28af89e8, 0x28af8a00, 0x32d93000)
 Metaspace       used 141452K, capacity 149576K, committed 149632K, reserved 149888K
Event: 169281.573 GC heap after
Heap after GC invocations=675 (full 17):
 def new generation   total 184576K, used 20479K [0x04800000, 0x11040000, 0x19d50000)
  eden space 164096K,   0% used [0x04800000, 0x04800000, 0x0e840000)
  from space 20480K,  99% used [0x0e840000, 0x0fc3fff8, 0x0fc40000)
  to   space 20480K,   0% used [0x0fc40000, 0x0fc40000, 0x11040000)
 tenured generation   total 409868K, used 253372K [0x19d50000, 0x32d93000, 0x44800000)
   the space 409868K,  61% used [0x19d50000, 0x294bf1c8, 0x294bf200, 0x32d93000)
 Metaspace       used 141452K, capacity 149576K, committed 149632K, reserved 149888K
}
Event: 169535.356 GC heap before
{Heap before GC invocations=675 (full 17):
 def new generation   total 184576K, used 184575K [0x04800000, 0x11040000, 0x19d50000)
  eden space 164096K, 100% used [0x04800000, 0x0e840000, 0x0e840000)
  from space 20480K,  99% used [0x0e840000, 0x0fc3fff8, 0x0fc40000)
  to   space 20480K,   0% used [0x0fc40000, 0x0fc40000, 0x11040000)
 tenured generation   total 409868K, used 253372K [0x19d50000, 0x32d93000, 0x44800000)
   the space 409868K,  61% used [0x19d50000, 0x294bf1c8, 0x294bf200, 0x32d93000)
 Metaspace       used 141456K, capacity 149581K, committed 149632K, reserved 149888K

Deoptimization events (0 events):
No events

Classes redefined (0 events):
No events

Internal exceptions (10 events):
Event: 169413.181 Thread 0x469cc400 Exception <a 'sun/nio/fs/WindowsException'> (0x09cbaa10) thrown at [C:\jenkins\workspace\8-2-build-windows-i586-cygwin\jdk8u333\2551\hotspot\src\share\vm\prims\jni.cpp, line 710]
Event: 169413.182 Thread 0x469cc400 Exception <a 'sun/nio/fs/WindowsException'> (0x09cbc710) thrown at [C:\jenkins\workspace\8-2-build-windows-i586-cygwin\jdk8u333\2551\hotspot\src\share\vm\prims\jni.cpp, line 710]
Event: 169480.410 Thread 0x469cd800 Exception <a 'sun/nio/fs/WindowsException'> (0x0a001e28) thrown at [C:\jenkins\workspace\8-2-build-windows-i586-cygwin\jdk8u333\2551\hotspot\src\share\vm\prims\jni.cpp, line 710]
Event: 169480.410 Thread 0x469cd800 Exception <a 'sun/nio/fs/WindowsException'> (0x0a003b28) thrown at [C:\jenkins\workspace\8-2-build-windows-i586-cygwin\jdk8u333\2551\hotspot\src\share\vm\prims\jni.cpp, line 710]
Event: 169498.216 Thread 0x469cf800 Exception <a 'sun/nio/fs/WindowsException'> (0x0a04c578) thrown at [C:\jenkins\workspace\8-2-build-windows-i586-cygwin\jdk8u333\2551\hotspot\src\share\vm\prims\jni.cpp, line 710]
Event: 169498.216 Thread 0x469cf800 Exception <a 'sun/nio/fs/WindowsException'> (0x0a04e278) thrown at [C:\jenkins\workspace\8-2-build-windows-i586-cygwin\jdk8u333\2551\hotspot\src\share\vm\prims\jni.cpp, line 710]
Event: 169510.391 Thread 0x469cd800 Exception <a 'sun/nio/fs/WindowsException'> (0x0a02a878) thrown at [C:\jenkins\workspace\8-2-build-windows-i586-cygwin\jdk8u333\2551\hotspot\src\share\vm\prims\jni.cpp, line 710]
Event: 169510.391 Thread 0x469cd800 Exception <a 'sun/nio/fs/WindowsException'> (0x0a02c578) thrown at [C:\jenkins\workspace\8-2-build-windows-i586-cygwin\jdk8u333\2551\hotspot\src\share\vm\prims\jni.cpp, line 710]
Event: 169517.897 Thread 0x469cf800 Exception <a 'sun/nio/fs/WindowsException'> (0x0a088c90) thrown at [C:\jenkins\workspace\8-2-build-windows-i586-cygwin\jdk8u333\2551\hotspot\src\share\vm\prims\jni.cpp, line 710]
Event: 169517.898 Thread 0x469cf800 Exception <a 'sun/nio/fs/WindowsException'> (0x0a08a990) thrown at [C:\jenkins\workspace\8-2-build-windows-i586-cygwin\jdk8u333\2551\hotspot\src\share\vm\prims\jni.cpp, line 710]

Events (10 events):
Event: 169532.114 Thread 0x04784000 flushing nmethod 0x02b21288
Event: 169532.114 Thread 0x04784000 flushing nmethod 0x02b6b208
Event: 169532.114 Thread 0x04784000 flushing nmethod 0x02b6b488
Event: 169534.686 Executing VM operation: RevokeBias
Event: 169534.686 Executing VM operation: RevokeBias done
Event: 169534.691 Thread 0x04784000 flushing nmethod 0x028ad048
Event: 169534.691 Thread 0x04784000 flushing nmethod 0x028c3788
Event: 169534.691 Thread 0x04784000 flushing nmethod 0x02902208
Event: 169534.691 Thread 0x04784000 flushing nmethod 0x0291e3c8
Event: 169535.355 Executing VM operation: GenCollectForAllocation


Dynamic libraries:
0x00170000 - 0x001ae000 	C:\Program Files (x86)\Java\jre1.8.0_333\bin\java.exe
0x778d0000 - 0x77a74000 	C:\Windows\SYSTEM32\ntdll.dll
0x757e0000 - 0x758d0000 	C:\Windows\System32\KERNEL32.DLL
0x77680000 - 0x77899000 	C:\Windows\System32\KERNELBASE.dll
0x5c190000 - 0x5c22f000 	C:\Windows\SYSTEM32\apphelp.dll
0x76780000 - 0x767fb000 	C:\Windows\System32\ADVAPI32.dll
0x76f90000 - 0x7704f000 	C:\Windows\System32\msvcrt.dll
0x76700000 - 0x76776000 	C:\Windows\System32\sechost.dll
0x765a0000 - 0x7665e000 	C:\Windows\System32\RPCRT4.dll
0x76a90000 - 0x76c2c000 	C:\Windows\System32\USER32.dll
0x757c0000 - 0x757d8000 	C:\Windows\System32\win32u.dll
0x76c30000 - 0x76c53000 	C:\Windows\System32\GDI32.dll
0x764c0000 - 0x7659c000 	C:\Windows\System32\gdi32full.dll
0x76960000 - 0x769db000 	C:\Windows\System32\msvcp_win.dll
0x75d00000 - 0x75e20000 	C:\Windows\System32\ucrtbase.dll
0x647f0000 - 0x64a00000 	C:\Windows\WinSxS\x86_microsoft.windows.common-controls_6595b64144ccf1df_6.0.19041.1110_none_a8625c1886757984\COMCTL32.dll
0x76800000 - 0x76825000 	C:\Windows\System32\IMM32.DLL
0x64270000 - 0x64283000 	C:\Program Files (x86)\Java\jre1.8.0_333\bin\vcruntime140.dll
0x62660000 - 0x626cf000 	C:\Program Files (x86)\Java\jre1.8.0_333\bin\msvcp140.dll
0x7ba50000 - 0x7be2f000 	C:\Program Files (x86)\Java\jre1.8.0_333\bin\client\jvm.dll
0x778a0000 - 0x778a6000 	C:\Windows\System32\PSAPI.DLL
0x73b30000 - 0x73b38000 	C:\Windows\SYSTEM32\WSOCK32.dll
0x73a10000 - 0x73a38000 	C:\Windows\SYSTEM32\WINMM.dll
0x76c60000 - 0x76cc3000 	C:\Windows\System32\WS2_32.dll
0x73560000 - 0x73568000 	C:\Windows\SYSTEM32\VERSION.dll
0x74a00000 - 0x74a0f000 	C:\Windows\SYSTEM32\kernel.appcore.dll
0x64260000 - 0x6426d000 	C:\Program Files (x86)\Java\jre1.8.0_333\bin\verify.dll
0x64230000 - 0x64254000 	C:\Program Files (x86)\Java\jre1.8.0_333\bin\java.dll
0x64180000 - 0x64194000 	C:\Program Files (x86)\Java\jre1.8.0_333\bin\zip.dll
0x770c0000 - 0x77676000 	C:\Windows\System32\SHELL32.dll
0x742d0000 - 0x748dc000 	C:\Windows\SYSTEM32\windows.storage.dll
0x759d0000 - 0x75c4f000 	C:\Windows\System32\combase.dll
0x742a0000 - 0x742c7000 	C:\Windows\SYSTEM32\Wldp.dll
0x768d0000 - 0x76957000 	C:\Windows\System32\SHCORE.dll
0x75c50000 - 0x75c95000 	C:\Windows\System32\shlwapi.dll
0x74280000 - 0x74298000 	C:\Windows\SYSTEM32\profapi.dll
0x59030000 - 0x59047000 	C:\Program Files (x86)\Java\jre1.8.0_333\bin\net.dll
0x749a0000 - 0x749f2000 	C:\Windows\system32\mswsock.dll
0x64170000 - 0x6417f000 	C:\Program Files (x86)\Java\jre1.8.0_333\bin\nio.dll
0x74980000 - 0x74993000 	C:\Windows\SYSTEM32\CRYPTSP.dll
0x74950000 - 0x7497f000 	C:\Windows\system32\rsaenh.dll
0x757a0000 - 0x757b9000 	C:\Windows\System32\bcrypt.dll
0x73530000 - 0x73555000 	C:\Windows\SYSTEM32\USERENV.dll
0x75e60000 - 0x75ebf000 	C:\Windows\System32\bcryptprimitives.dll
0x74940000 - 0x7494a000 	C:\Windows\SYSTEM32\CRYPTBASE.dll
0x66b40000 - 0x66bd1000 	C:\Windows\SYSTEM32\DNSAPI.dll
0x736a0000 - 0x736d2000 	C:\Windows\SYSTEM32\IPHLPAPI.DLL
0x778b0000 - 0x778b7000 	C:\Windows\System32\NSI.dll
0x659b0000 - 0x659b8000 	C:\Program Files (x86)\National Instruments\Shared\mDNS Responder\nimdnsNSP.dll
0x659a0000 - 0x659ad000 	C:\Windows\SYSTEM32\nimdnsResponder.dll
0x65990000 - 0x65998000 	C:\Windows\System32\rasadhlp.dll
0x658f0000 - 0x65949000 	C:\Windows\System32\fwpuclnt.dll
0x65210000 - 0x65224000 	C:\Windows\SYSTEM32\dhcpcsvc6.DLL
0x651c0000 - 0x651d6000 	C:\Windows\SYSTEM32\dhcpcsvc.DLL
0x7b7c0000 - 0x7b7e3000 	C:\Program Files (x86)\Java\jre1.8.0_333\bin\sunec.dll
0x7b7f0000 - 0x7b7fb000 	C:\Program Files (x86)\Java\jre1.8.0_333\bin\sunmscapi.dll
0x758d0000 - 0x759ca000 	C:\Windows\System32\CRYPT32.dll
0x623d0000 - 0x623f1000 	C:\Windows\SYSTEM32\ncrypt.dll
0x623a0000 - 0x623c8000 	C:\Windows\SYSTEM32\NTASN1.dll
0x640a0000 - 0x640ac000 	C:\Program Files (x86)\Java\jre1.8.0_333\bin\management.dll
0x74a40000 - 0x74bc8000 	C:\Windows\SYSTEM32\dbghelp.dll

VM Arguments:
jvm_args: -Xss4m -Xms100m -Dmetals.client=vscode -Xmx1G 
java_command: scala.meta.metals.Main
java_class_path (initial): C:\Users\Lenovo\AppData\Local\Coursier\cache\v1\https\repo1.maven.org\maven2\org\scalameta\metals_2.13\0.11.8\metals_2.13-0.11.8.jar;C:\Users\Lenovo\AppData\Local\Coursier\cache\v1\https\repo1.maven.org\maven2\org\scala-lang\scala-library\2.13.8\scala-library-2.13.8.jar;C:\Users\Lenovo\AppData\Local\Coursier\cache\v1\https\repo1.maven.org\maven2\org\scalameta\mtags_2.13.8\0.11.8\mtags_2.13.8-0.11.8.jar;C:\Users\Lenovo\AppData\Local\Coursier\cache\v1\https\repo1.maven.org\maven2\com\google\guava\guava\31.1-jre\guava-31.1-jre.jar;C:\Users\Lenovo\AppData\Local\Coursier\cache\v1\https\repo1.maven.org\maven2\com\geirsson\metaconfig-core_2.13\0.10.0\metaconfig-core_2.13-0.10.0.jar;C:\Users\Lenovo\AppData\Local\Coursier\cache\v1\https\repo1.maven.org\maven2\org\openjdk\jol\jol-core\0.16\jol-core-0.16.jar;C:\Users\Lenovo\AppData\Local\Coursier\cache\v1\https\repo1.maven.org\maven2\com\swoval\file-tree-views\2.1.9\file-tree-views-2.1.9.jar;C:\Users\Lenovo\AppData\Local\Coursier\cache\v1\https\repo1.maven.org\maven2\io\undertow\undertow-core\2.2.18.Final\undertow-core-2.2.18.Final.jar;C:\Users\Lenovo\AppData\Local\Coursier\cache\v1\https\repo1.maven.org\maven2\org\jboss\xnio\xnio-nio\3.8.7.Final\xnio-nio-3.8.7.Final.jar;C:\Users\Lenovo\AppData\Local\Coursier\cache\v1\https\repo1.maven.org\maven2\org\flywaydb\flyway-core\9.0.4\flyway-core-9.0.4.jar;C:\Users\Lenovo\AppData\Local\Coursier\cache\v1\https\repo1.maven.org\maven2\com\h2database\h2\2.1.214\h2-2.1.214.jar;C:\Users\Lenovo\AppData\Local\Coursier\cache\v1\https\repo1.maven.org\maven2\org\scala-sbt\ipcsocket\ipcsocket\1.5.0\ipcsocket-1.5.0.jar;C:\Users\Lenovo\AppData\Local\Coursier\cache\v1\https\repo1.maven.org\maven2\ch\epfl\scala\bsp4j\2.1.0-M1\bsp4j-2.1.0-M1.jar;C:\Users\Lenovo\AppData\Local\Coursier\cache\v1\https\repo1.maven.org\maven2\ch\epfl\scala\bloop-launcher_2.13\1.5.3\bloop-launcher_2.13-1.5.3.jar;C:\Users\Lenovo\AppData\Local\Coursier\cache\v1\https\repo1.maven.org\maven2\org\ecl
Launcher Type: SUN_STANDARD

Environment Variables:
JAVA_HOME=C:\Program Files (x86)\Java\jre1.8.0_333
USERNAME=Lenovo
OS=Windows_NT
PROCESSOR_IDENTIFIER=Intel64 Family 6 Model 60 Stepping 3, GenuineIntel



---------------  S Y S T E M  ---------------

OS: Windows 10 , 64 bit Build 19041 (10.0.19041.1826)

CPU:total 8 (initial active 8) (4 cores per cpu, 2 threads per core) family 6 model 60 stepping 3, cmov, cx8, fxsr, mmx, sse, sse2, sse3, ssse3, sse4.1, sse4.2, popcnt, avx, avx2, aes, clmul, erms, lzcnt, ht, tsc, tscinvbit, bmi1, bmi2

Memory: 4k page, physical 12470852k(1484612k free), swap 26626628k(6407816k free)

vm_info: Java HotSpot(TM) Client VM (25.333-b02) for windows-x86 JRE (1.8.0_333-b02), built on Apr 25 2022 22:52:53 by "java_re" with MS VC++ 15.9 (VS2017)

time: Fri Aug 12 15:21:30 2022
timezone: Hora est. Pacífico, Sudamérica
elapsed time: 169535.493126 seconds (1d 23h 5m 35s)

